Start testing: Dec 09 23:10 +07
----------------------------------------------------------
1/7 Testing: StackTests
1/7 Test: StackTests
Command: "/home/nemesis/Рабочий стол/lab3-sem3/lab3-sem3/build/test_stack"
Directory: /home/nemesis/Рабочий стол/lab3-sem3/lab3-sem3/build
"StackTests" start time: Dec 09 23:10 +07
Output:
----------------------------------------------------------
Running 9 test cases...
Stack is empty
Stack is empty

[1;32;49m*** No errors detected
[0;39;49mlibgcov profiling error:/home/nemesis/Рабочий стол/lab3-sem3/lab3-sem3/build/CMakeFiles/test_stack.dir/tests_cplus/test_stack.cpp.gcda:overwriting an existing profile data with a different timestamp
<end of output>
Test time =   0.01 sec
----------------------------------------------------------
Test Passed.
"StackTests" end time: Dec 09 23:10 +07
"StackTests" time elapsed: 00:00:00
----------------------------------------------------------

2/7 Testing: QueueTests
2/7 Test: QueueTests
Command: "/home/nemesis/Рабочий стол/lab3-sem3/lab3-sem3/build/test_queue"
Directory: /home/nemesis/Рабочий стол/lab3-sem3/lab3-sem3/build
"QueueTests" start time: Dec 09 23:10 +07
Output:
----------------------------------------------------------
Running 8 test cases...
Queue is empty!
Queue is empty!

[1;32;49m*** No errors detected
[0;39;49mlibgcov profiling error:/home/nemesis/Рабочий стол/lab3-sem3/lab3-sem3/build/CMakeFiles/test_queue.dir/tests_cplus/test_queue.cpp.gcda:overwriting an existing profile data with a different timestamp
<end of output>
Test time =   0.01 sec
----------------------------------------------------------
Test Passed.
"QueueTests" end time: Dec 09 23:10 +07
"QueueTests" time elapsed: 00:00:00
----------------------------------------------------------

3/7 Testing: DynamicArrayTests
3/7 Test: DynamicArrayTests
Command: "/home/nemesis/Рабочий стол/lab3-sem3/lab3-sem3/build/test_array"
Directory: /home/nemesis/Рабочий стол/lab3-sem3/lab3-sem3/build
"DynamicArrayTests" start time: Dec 09 23:10 +07
Output:
----------------------------------------------------------
Running 14 test cases...

[1;32;49m*** No errors detected
[0;39;49mlibgcov profiling error:/home/nemesis/Рабочий стол/lab3-sem3/lab3-sem3/build/CMakeFiles/test_array.dir/tests_cplus/test_array.cpp.gcda:overwriting an existing profile data with a different timestamp
<end of output>
Test time =   0.01 sec
----------------------------------------------------------
Test Passed.
"DynamicArrayTests" end time: Dec 09 23:10 +07
"DynamicArrayTests" time elapsed: 00:00:00
----------------------------------------------------------

4/7 Testing: HashTableTests
4/7 Test: HashTableTests
Command: "/home/nemesis/Рабочий стол/lab3-sem3/lab3-sem3/build/test_hashtable"
Directory: /home/nemesis/Рабочий стол/lab3-sem3/lab3-sem3/build
"HashTableTests" start time: Dec 09 23:10 +07
Output:
----------------------------------------------------------
Running 10 test cases...

[1;32;49m*** No errors detected
[0;39;49mlibgcov profiling error:/home/nemesis/Рабочий стол/lab3-sem3/lab3-sem3/build/CMakeFiles/test_hashtable.dir/tests_cplus/test_hashtable.cpp.gcda:overwriting an existing profile data with a different timestamp
<end of output>
Test time =   0.01 sec
----------------------------------------------------------
Test Passed.
"HashTableTests" end time: Dec 09 23:10 +07
"HashTableTests" time elapsed: 00:00:00
----------------------------------------------------------

5/7 Testing: BinaryTreeTests
5/7 Test: BinaryTreeTests
Command: "/home/nemesis/Рабочий стол/lab3-sem3/lab3-sem3/build/test_tree"
Directory: /home/nemesis/Рабочий стол/lab3-sem3/lab3-sem3/build
"BinaryTreeTests" start time: Dec 09 23:10 +07
Output:
----------------------------------------------------------
Running 9 test cases...

[1;32;49m*** No errors detected
[0;39;49mlibgcov profiling error:/home/nemesis/Рабочий стол/lab3-sem3/lab3-sem3/build/CMakeFiles/test_tree.dir/tests_cplus/test_tree.cpp.gcda:overwriting an existing profile data with a different timestamp
<end of output>
Test time =   0.01 sec
----------------------------------------------------------
Test Passed.
"BinaryTreeTests" end time: Dec 09 23:10 +07
"BinaryTreeTests" time elapsed: 00:00:00
----------------------------------------------------------

6/7 Testing: LinkedListTests
6/7 Test: LinkedListTests
Command: "/home/nemesis/Рабочий стол/lab3-sem3/lab3-sem3/build/test_list"
Directory: /home/nemesis/Рабочий стол/lab3-sem3/lab3-sem3/build
"LinkedListTests" start time: Dec 09 23:10 +07
Output:
----------------------------------------------------------
Running 11 test cases...
File not found

[1;32;49m*** No errors detected
[0;39;49mlibgcov profiling error:/home/nemesis/Рабочий стол/lab3-sem3/lab3-sem3/build/CMakeFiles/test_list.dir/tests_cplus/test_list.cpp.gcda:overwriting an existing profile data with a different timestamp
<end of output>
Test time =   0.01 sec
----------------------------------------------------------
Test Passed.
"LinkedListTests" end time: Dec 09 23:10 +07
"LinkedListTests" time elapsed: 00:00:00
----------------------------------------------------------

7/7 Testing: DoublyLinkedListTests
7/7 Test: DoublyLinkedListTests
Command: "/home/nemesis/Рабочий стол/lab3-sem3/lab3-sem3/build/test_dlist"
Directory: /home/nemesis/Рабочий стол/lab3-sem3/lab3-sem3/build
"DoublyLinkedListTests" start time: Dec 09 23:10 +07
Output:
----------------------------------------------------------
Running 11 test cases...
File not found

[1;32;49m*** No errors detected
[0;39;49mlibgcov profiling error:/home/nemesis/Рабочий стол/lab3-sem3/lab3-sem3/build/CMakeFiles/test_dlist.dir/tests_cplus/test_dlist.cpp.gcda:overwriting an existing profile data with a different timestamp
<end of output>
Test time =   0.01 sec
----------------------------------------------------------
Test Passed.
"DoublyLinkedListTests" end time: Dec 09 23:10 +07
"DoublyLinkedListTests" time elapsed: 00:00:00
----------------------------------------------------------

End testing: Dec 09 23:10 +07
