TN:
SF:/home/nemesis/Рабочий стол/lab3-sem3/lab3-sem3/cplus/array.cpp
FN:7,_ZN12DynamicArrayC2Ev
FN:11,_ZN12DynamicArrayD2Ev
FN:15,_ZN12DynamicArray17increase_capacityEv
FN:29,_ZN12DynamicArray9push_backERKNSt7__cxx1112basic_stringIcSt11char_traitsIcESaIcEEE
FN:38,_ZN12DynamicArray6insertERKNSt7__cxx1112basic_stringIcSt11char_traitsIcESaIcEEEi
FN:55,_ZN12DynamicArray8pop_backEv
FN:64,_ZN12DynamicArray9remove_atEi
FN:75,_ZNK12DynamicArray6searchERKNSt7__cxx1112basic_stringIcSt11char_traitsIcESaIcEEE
FN:85,_ZNK12DynamicArray3getB5cxx11Ei
FN:93,_ZN12DynamicArray3setEiRKNSt7__cxx1112basic_stringIcSt11char_traitsIcESaIcEEE
FN:100,_ZNK12DynamicArray5printEv
FN:107,_ZN12DynamicArray14load_from_fileERKNSt7__cxx1112basic_stringIcSt11char_traitsIcESaIcEEE
FN:127,_ZNK12DynamicArray12save_to_fileERKNSt7__cxx1112basic_stringIcSt11char_traitsIcESaIcEEE
FNDA:26,_ZNK12DynamicArray3getB5cxx11Ei
FNDA:4,_ZN12DynamicArray8pop_backEv
FNDA:30,_ZN12DynamicArray17increase_capacityEv
FNDA:70,_ZN12DynamicArray9push_backERKNSt7__cxx1112basic_stringIcSt11char_traitsIcESaIcEEE
FNDA:2,_ZN12DynamicArray6insertERKNSt7__cxx1112basic_stringIcSt11char_traitsIcESaIcEEEi
FNDA:2,_ZNK12DynamicArray12save_to_fileERKNSt7__cxx1112basic_stringIcSt11char_traitsIcESaIcEEE
FNDA:28,_ZN12DynamicArrayC2Ev
FNDA:28,_ZN12DynamicArrayD2Ev
FNDA:8,_ZNK12DynamicArray6searchERKNSt7__cxx1112basic_stringIcSt11char_traitsIcESaIcEEE
FNDA:6,_ZN12DynamicArray9remove_atEi
FNDA:2,_ZN12DynamicArray14load_from_fileERKNSt7__cxx1112basic_stringIcSt11char_traitsIcESaIcEEE
FNDA:2,_ZNK12DynamicArray5printEv
FNDA:6,_ZN12DynamicArray3setEiRKNSt7__cxx1112basic_stringIcSt11char_traitsIcESaIcEEE
FNF:13
FNH:13
DA:7,28
DA:8,56
DA:9,28
DA:11,28
DA:12,134
DA:13,28
DA:15,30
DA:16,30
DA:17,150
DA:19,90
DA:20,60
DA:23,90
DA:25,30
DA:26,30
DA:27,30
DA:29,70
DA:30,70
DA:31,28
DA:34,70
DA:35,70
DA:36,70
DA:38,2
DA:39,2
DA:40,0
DA:41,0
DA:44,2
DA:45,2
DA:48,4
DA:49,2
DA:51,2
DA:52,2
DA:55,4
DA:56,4
DA:57,2
DA:59,2
DA:61,2
DA:64,6
DA:65,6
DA:66,4
DA:69,4
DA:70,2
DA:72,2
DA:73,2
DA:75,8
DA:76,20
DA:77,16
DA:78,4
DA:81,4
DA:85,26
DA:86,26
DA:87,4
DA:89,22
DA:93,6
DA:94,6
DA:95,4
DA:97,2
DA:98,2
DA:100,2
DA:101,8
DA:102,6
DA:104,2
DA:105,2
DA:107,2
DA:108,4
DA:109,2
DA:110,2
DA:111,22
DA:113,2
DA:114,2
DA:115,0
DA:116,0
DA:119,2
DA:120,8
DA:121,6
DA:124,2
DA:125,2
DA:127,2
DA:128,2
DA:129,2
DA:130,0
DA:131,0
DA:134,8
DA:135,6
DA:138,2
DA:139,2
LF:85
LH:79
end_of_record
TN:
SF:/home/nemesis/Рабочий стол/lab3-sem3/lab3-sem3/cplus/dlist.cpp
FN:7,_ZN16DoublyLinkedListC2Ev
FN:9,_ZN16DoublyLinkedListD2Ev
FN:13,_ZN16DoublyLinkedList11add_to_headERKNSt7__cxx1112basic_stringIcSt11char_traitsIcESaIcEEE
FN:27,_ZN16DoublyLinkedList11add_to_tailERKNSt7__cxx1112basic_stringIcSt11char_traitsIcESaIcEEE
FN:43,_ZN16DoublyLinkedList16remove_from_headEv
FN:59,_ZN16DoublyLinkedList16remove_from_tailEv
FN:78,_ZN16DoublyLinkedList15remove_by_valueERKNSt7__cxx1112basic_stringIcSt11char_traitsIcESaIcEEE
FN:112,_ZNK16DoublyLinkedList6searchERKNSt7__cxx1112basic_stringIcSt11char_traitsIcESaIcEEERi
FN:125,_ZNK16DoublyLinkedList5printEv
FN:134,_ZN16DoublyLinkedList4freeEv
FN:140,_ZN16DoublyLinkedList14load_from_fileERKNSt7__cxx1112basic_stringIcSt11char_traitsIcESaIcEEE
FN:156,_ZNK16DoublyLinkedList14upload_to_fileERKNSt7__cxx1112basic_stringIcSt11char_traitsIcESaIcEEE
FNDA:14,_ZNK16DoublyLinkedList5printEv
FNDA:22,_ZN16DoublyLinkedListD2Ev
FNDA:22,_ZN16DoublyLinkedListC2Ev
FNDA:28,_ZN16DoublyLinkedList4freeEv
FNDA:4,_ZN16DoublyLinkedList14load_from_fileERKNSt7__cxx1112basic_stringIcSt11char_traitsIcESaIcEEE
FNDA:40,_ZN16DoublyLinkedList11add_to_headERKNSt7__cxx1112basic_stringIcSt11char_traitsIcESaIcEEE
FNDA:4,_ZN16DoublyLinkedList16remove_from_tailEv
FNDA:4,_ZNK16DoublyLinkedList6searchERKNSt7__cxx1112basic_stringIcSt11char_traitsIcESaIcEEERi
FNDA:2,_ZNK16DoublyLinkedList14upload_to_fileERKNSt7__cxx1112basic_stringIcSt11char_traitsIcESaIcEEE
FNDA:16,_ZN16DoublyLinkedList11add_to_tailERKNSt7__cxx1112basic_stringIcSt11char_traitsIcESaIcEEE
FNDA:2,_ZN16DoublyLinkedList15remove_by_valueERKNSt7__cxx1112basic_stringIcSt11char_traitsIcESaIcEEE
FNDA:50,_ZN16DoublyLinkedList16remove_from_headEv
FNF:12
FNH:12
DA:7,22
DA:9,22
DA:10,22
DA:11,22
DA:13,40
DA:14,40
DA:15,40
DA:16,40
DA:17,40
DA:19,40
DA:20,24
DA:22,16
DA:24,40
DA:25,40
DA:27,16
DA:28,16
DA:29,16
DA:30,16
DA:32,16
DA:33,4
DA:34,4
DA:35,4
DA:37,12
DA:38,12
DA:39,12
DA:41,16
DA:43,50
DA:44,50
DA:45,0
DA:47,50
DA:48,50
DA:50,50
DA:51,32
DA:53,18
DA:56,50
DA:59,4
DA:60,4
DA:61,0
DA:64,4
DA:65,2
DA:66,2
DA:67,2
DA:68,2
DA:71,2
DA:72,2
DA:73,2
DA:75,2
DA:78,2
DA:79,2
DA:80,0
DA:84,2
DA:85,0
DA:86,0
DA:89,2
DA:92,4
DA:93,2
DA:97,2
DA:98,2
DA:99,0
DA:101,2
DA:104,2
DA:105,2
DA:108,2
DA:112,4
DA:113,4
DA:114,4
DA:115,12
DA:116,10
DA:117,2
DA:119,8
DA:120,8
DA:122,2
DA:125,14
DA:126,14
DA:127,38
DA:128,24
DA:129,24
DA:131,14
DA:132,14
DA:134,28
DA:135,76
DA:136,48
DA:138,28
DA:140,4
DA:141,4
DA:142,4
DA:143,4
DA:144,2
DA:145,2
DA:148,2
DA:149,8
DA:150,6
DA:153,2
DA:154,4
DA:156,2
DA:157,2
DA:158,2
DA:159,0
DA:160,0
DA:163,2
DA:164,8
DA:165,6
DA:166,6
DA:169,2
DA:170,2
LF:105
LH:97
end_of_record
TN:
SF:/home/nemesis/Рабочий стол/lab3-sem3/lab3-sem3/cplus/hashtable.cpp
FN:7,_ZN9HashTableC2Ev
FN:13,_ZN9HashTableD2Ev
FN:17,_ZNK9HashTable13hash_functionERKNSt7__cxx1112basic_stringIcSt11char_traitsIcESaIcEEE
FN:25,_ZN9HashTable6insertERKNSt7__cxx1112basic_stringIcSt11char_traitsIcESaIcEEES7_
FN:51,_ZNK9HashTable6searchERKNSt7__cxx1112basic_stringIcSt11char_traitsIcESaIcEEE
FN:65,_ZN9HashTable6removeERKNSt7__cxx1112basic_stringIcSt11char_traitsIcESaIcEEE
FN:87,_ZNK9HashTable5printEv
FN:100,_ZN9HashTable5clearEv
FN:112,_ZN9HashTable14load_from_fileERKNSt7__cxx1112basic_stringIcSt11char_traitsIcESaIcEEE
FN:129,_ZNK9HashTable12save_to_fileERKNSt7__cxx1112basic_stringIcSt11char_traitsIcESaIcEEE
FNDA:24,_ZN9HashTable5clearEv
FNDA:4,_ZN9HashTable14load_from_fileERKNSt7__cxx1112basic_stringIcSt11char_traitsIcESaIcEEE
FNDA:20,_ZN9HashTableC2Ev
FNDA:4,_ZN9HashTable6removeERKNSt7__cxx1112basic_stringIcSt11char_traitsIcESaIcEEE
FNDA:20,_ZN9HashTableD2Ev
FNDA:4,_ZNK9HashTable12save_to_fileERKNSt7__cxx1112basic_stringIcSt11char_traitsIcESaIcEEE
FNDA:72,_ZNK9HashTable13hash_functionERKNSt7__cxx1112basic_stringIcSt11char_traitsIcESaIcEEE
FNDA:2,_ZNK9HashTable5printEv
FNDA:30,_ZNK9HashTable6searchERKNSt7__cxx1112basic_stringIcSt11char_traitsIcESaIcEEE
FNDA:38,_ZN9HashTable6insertERKNSt7__cxx1112basic_stringIcSt11char_traitsIcESaIcEEES7_
FNF:10
FNH:10
DA:7,20
DA:8,5140
DA:9,5120
DA:11,20
DA:13,20
DA:14,20
DA:15,20
DA:17,72
DA:18,72
DA:19,400
DA:20,328
DA:22,72
DA:25,38
DA:26,38
DA:27,38
DA:29,38
DA:30,36
DA:31,36
DA:34,2
DA:35,2
DA:37,2
DA:38,2
DA:39,2
DA:40,2
DA:41,2
DA:43,0
DA:44,0
DA:48,0
DA:51,30
DA:52,30
DA:53,30
DA:55,30
DA:56,20
DA:57,20
DA:59,0
DA:62,10
DA:65,4
DA:66,4
DA:67,4
DA:68,4
DA:70,4
DA:71,4
DA:72,4
DA:73,4
DA:75,0
DA:77,4
DA:78,4
DA:80,0
DA:81,0
DA:84,0
DA:87,2
DA:88,514
DA:89,512
DA:90,4
DA:91,4
DA:92,8
DA:93,4
DA:94,4
DA:98,2
DA:100,24
DA:101,6168
DA:102,6144
DA:103,6176
DA:104,32
DA:105,32
DA:106,32
DA:108,6144
DA:110,24
DA:112,4
DA:113,4
DA:114,4
DA:115,2
DA:116,2
DA:119,2
DA:121,2
DA:122,8
DA:123,6
DA:126,2
DA:127,4
DA:129,4
DA:130,4
DA:131,4
DA:132,2
DA:133,2
DA:136,514
DA:137,512
DA:138,518
DA:139,6
DA:140,6
DA:144,2
DA:145,4
LF:91
LH:83
end_of_record
TN:
SF:/home/nemesis/Рабочий стол/lab3-sem3/lab3-sem3/cplus/header.h
FN:162,_ZN5Stack4NodeC2ERKNSt7__cxx1112basic_stringIcSt11char_traitsIcESaIcEEE
FN:178,_ZNK5Stack8is_emptyEv
FN:191,_ZN8treeNodeC2Ei
FN:227,_ZN10BinaryTreeC2Ev
FNDA:38,_ZN5Stack4NodeC2ERKNSt7__cxx1112basic_stringIcSt11char_traitsIcESaIcEEE
FNDA:20,_ZNK5Stack8is_emptyEv
FNDA:18,_ZN10BinaryTreeC2Ev
FNDA:60,_ZN8treeNodeC2Ei
FNF:4
FNH:4
DA:162,38
DA:178,20
DA:179,20
DA:191,60
DA:227,18
LF:5
LH:5
end_of_record
TN:
SF:/home/nemesis/Рабочий стол/lab3-sem3/lab3-sem3/cplus/list.cpp
FN:7,_ZN10LinkedListC2Ev
FN:9,_ZN10LinkedListD2Ev
FN:13,_ZN10LinkedList11add_to_headERKNSt7__cxx1112basic_stringIcSt11char_traitsIcESaIcEEE
FN:20,_ZN10LinkedList11add_to_tailERKNSt7__cxx1112basic_stringIcSt11char_traitsIcESaIcEEE
FN:36,_ZN10LinkedList16remove_from_headEv
FN:45,_ZN10LinkedList16remove_from_tailEv
FN:64,_ZN10LinkedList15remove_by_valueERKNSt7__cxx1112basic_stringIcSt11char_traitsIcESaIcEEE
FN:86,_ZNK10LinkedList6searchERKNSt7__cxx1112basic_stringIcSt11char_traitsIcESaIcEEERi
FN:99,_ZNK10LinkedList5printEv
FN:108,_ZN10LinkedList4freeEv
FN:114,_ZN10LinkedList14load_from_fileERKNSt7__cxx1112basic_stringIcSt11char_traitsIcESaIcEEE
FN:130,_ZNK10LinkedList14upload_to_fileERKNSt7__cxx1112basic_stringIcSt11char_traitsIcESaIcEEE
FNDA:50,_ZN10LinkedList16remove_from_headEv
FNDA:2,_ZNK10LinkedList14upload_to_fileERKNSt7__cxx1112basic_stringIcSt11char_traitsIcESaIcEEE
FNDA:28,_ZN10LinkedList4freeEv
FNDA:22,_ZN10LinkedListC2Ev
FNDA:4,_ZNK10LinkedList6searchERKNSt7__cxx1112basic_stringIcSt11char_traitsIcESaIcEEERi
FNDA:14,_ZNK10LinkedList5printEv
FNDA:4,_ZN10LinkedList16remove_from_tailEv
FNDA:2,_ZN10LinkedList15remove_by_valueERKNSt7__cxx1112basic_stringIcSt11char_traitsIcESaIcEEE
FNDA:22,_ZN10LinkedListD2Ev
FNDA:16,_ZN10LinkedList11add_to_tailERKNSt7__cxx1112basic_stringIcSt11char_traitsIcESaIcEEE
FNDA:4,_ZN10LinkedList14load_from_fileERKNSt7__cxx1112basic_stringIcSt11char_traitsIcESaIcEEE
FNDA:40,_ZN10LinkedList11add_to_headERKNSt7__cxx1112basic_stringIcSt11char_traitsIcESaIcEEE
FNF:12
FNH:12
DA:7,22
DA:9,22
DA:10,22
DA:11,22
DA:13,40
DA:14,40
DA:15,40
DA:16,40
DA:17,40
DA:18,40
DA:20,16
DA:21,16
DA:22,16
DA:23,16
DA:25,16
DA:26,4
DA:27,4
DA:29,12
DA:30,18
DA:31,6
DA:33,12
DA:36,50
DA:37,50
DA:38,0
DA:40,50
DA:41,50
DA:42,50
DA:45,4
DA:46,4
DA:47,0
DA:50,4
DA:51,2
DA:52,2
DA:53,2
DA:56,2
DA:57,4
DA:58,2
DA:60,2
DA:61,2
DA:64,2
DA:65,2
DA:66,0
DA:69,2
DA:70,0
DA:71,0
DA:74,2
DA:75,2
DA:76,0
DA:79,2
DA:80,2
DA:81,2
DA:82,2
DA:86,4
DA:87,4
DA:88,4
DA:89,12
DA:90,10
DA:91,2
DA:93,8
DA:94,8
DA:96,2
DA:99,14
DA:100,14
DA:101,38
DA:102,24
DA:103,24
DA:105,14
DA:106,14
DA:108,28
DA:109,76
DA:110,48
DA:112,28
DA:114,4
DA:115,4
DA:116,4
DA:117,4
DA:118,2
DA:119,2
DA:122,2
DA:123,8
DA:124,6
DA:127,2
DA:128,4
DA:130,2
DA:131,2
DA:132,2
DA:133,0
DA:134,0
DA:137,2
DA:138,8
DA:139,6
DA:140,6
DA:143,2
DA:144,2
LF:94
LH:86
end_of_record
TN:
SF:/home/nemesis/Рабочий стол/lab3-sem3/lab3-sem3/cplus/queue.cpp
FN:7,_ZN5QueueC2Ev
FN:9,_ZN5QueueD2Ev
FN:13,_ZNK5Queue8is_emptyEv
FN:17,_ZN5Queue4pushERKNSt7__cxx1112basic_stringIcSt11char_traitsIcESaIcEEE
FN:29,_ZN5Queue3popB5cxx11Ev
FN:47,_ZNK5Queue5printEv
FN:61,_ZN5Queue5clearEv
FN:67,_ZN5Queue14load_from_fileERKNSt7__cxx1112basic_stringIcSt11char_traitsIcESaIcEEE
FN:84,_ZNK5Queue12save_to_fileERKNSt7__cxx1112basic_stringIcSt11char_traitsIcESaIcEEE
FNDA:28,_ZN5Queue4pushERKNSt7__cxx1112basic_stringIcSt11char_traitsIcESaIcEEE
FNDA:32,_ZN5Queue3popB5cxx11Ev
FNDA:4,_ZNK5Queue5printEv
FNDA:16,_ZN5QueueC2Ev
FNDA:2,_ZN5Queue14load_from_fileERKNSt7__cxx1112basic_stringIcSt11char_traitsIcESaIcEEE
FNDA:16,_ZN5QueueD2Ev
FNDA:46,_ZNK5Queue8is_emptyEv
FNDA:20,_ZN5Queue5clearEv
FNDA:2,_ZNK5Queue12save_to_fileERKNSt7__cxx1112basic_stringIcSt11char_traitsIcESaIcEEE
FNF:9
FNH:9
DA:7,16
DA:9,16
DA:10,16
DA:11,16
DA:13,46
DA:14,46
DA:17,28
DA:18,28
DA:20,28
DA:21,12
DA:22,12
DA:24,16
DA:25,16
DA:27,28
DA:29,32
DA:30,32
DA:31,4
DA:32,4
DA:35,28
DA:36,28
DA:37,28
DA:39,28
DA:40,12
DA:43,28
DA:44,28
DA:45,28
DA:47,4
DA:48,4
DA:49,2
DA:50,2
DA:53,2
DA:54,6
DA:55,4
DA:56,4
DA:58,2
DA:61,20
DA:62,36
DA:63,16
DA:65,20
DA:67,2
DA:68,2
DA:70,2
DA:71,2
DA:72,0
DA:73,0
DA:76,2
DA:77,8
DA:78,6
DA:81,2
DA:82,2
DA:84,2
DA:85,2
DA:86,2
DA:87,0
DA:88,0
DA:91,2
DA:92,8
DA:93,6
DA:94,6
DA:97,2
DA:98,2
LF:61
LH:57
end_of_record
TN:
SF:/home/nemesis/Рабочий стол/lab3-sem3/lab3-sem3/cplus/stack.cpp
FN:7,_ZN5StackC2Ev
FN:9,_ZN5StackD2Ev
FN:13,_ZN5Stack4pushERKNSt7__cxx1112basic_stringIcSt11char_traitsIcESaIcEEE
FN:19,_ZN5Stack3popB5cxx11Ev
FN:33,_ZNK5Stack5printEv
FN:47,_ZN5Stack5clearEv
FN:53,_ZN5Stack14load_from_fileERKNSt7__cxx1112basic_stringIcSt11char_traitsIcESaIcEEE
FN:75,_ZNK5Stack12save_to_fileERKNSt7__cxx1112basic_stringIcSt11char_traitsIcESaIcEEE
FNDA:4,_ZNK5Stack12save_to_fileERKNSt7__cxx1112basic_stringIcSt11char_traitsIcESaIcEEE
FNDA:20,_ZN5StackC2Ev
FNDA:4,_ZN5Stack14load_from_fileERKNSt7__cxx1112basic_stringIcSt11char_traitsIcESaIcEEE
FNDA:42,_ZN5Stack3popB5cxx11Ev
FNDA:4,_ZNK5Stack5printEv
FNDA:20,_ZN5StackD2Ev
FNDA:28,_ZN5Stack5clearEv
FNDA:38,_ZN5Stack4pushERKNSt7__cxx1112basic_stringIcSt11char_traitsIcESaIcEEE
FNF:8
FNH:8
DA:7,20
DA:9,20
DA:10,20
DA:11,20
DA:13,38
DA:14,38
DA:15,38
DA:16,38
DA:17,38
DA:19,42
DA:20,42
DA:21,4
DA:22,4
DA:25,38
DA:26,38
DA:27,38
DA:28,38
DA:30,38
DA:31,38
DA:33,4
DA:34,4
DA:35,2
DA:36,2
DA:39,2
DA:40,8
DA:41,6
DA:42,6
DA:44,2
DA:47,28
DA:48,48
DA:49,20
DA:51,28
DA:53,4
DA:54,4
DA:56,4
DA:57,4
DA:58,2
DA:59,2
DA:62,2
DA:63,2
DA:65,8
DA:66,6
DA:68,2
DA:70,8
DA:71,6
DA:73,4
DA:75,4
DA:76,4
DA:77,4
DA:78,2
DA:79,2
DA:82,2
DA:83,8
DA:84,6
DA:85,6
DA:88,2
DA:89,4
LF:57
LH:57
end_of_record
TN:
SF:/home/nemesis/Рабочий стол/lab3-sem3/lab3-sem3/cplus/tree.cpp
FN:8,_ZN6QueueTC2Ev
FN:10,_ZN6QueueTD2Ev
FN:18,_ZNK6QueueT8is_emptyEv
FN:22,_ZN6QueueT4pushEP8treeNode
FN:41,_ZN6QueueT3popEv
FN:59,_ZN10BinaryTreeD2Ev
FN:63,_ZNK10BinaryTree19count_of_nodes_treeEP8treeNode
FN:69,_ZNK10BinaryTree11height_treeEP8treeNode
FN:76,_ZNK10BinaryTree11is_completeEv
FN:103,_ZNK10BinaryTree7is_fullEv
FN:109,_ZNK10BinaryTree9print_lvlEP8treeNodei
FN:127,_ZNK10BinaryTree5printEv
FN:135,_ZNK10BinaryTree11search_treeEP8treeNodei
FN:145,_ZNK10BinaryTree6searchEi
FN:149,_ZN10BinaryTree9push_treeERP8treeNodei
FN:177,_ZN10BinaryTree4pushEi
FN:181,_ZN10BinaryTree10clear_treeERP8treeNode
FN:191,_ZN10BinaryTree5clearEv
FN:195,_ZN10BinaryTree14load_from_fileERKNSt7__cxx1112basic_stringIcSt11char_traitsIcESaIcEEE
FN:210,_ZNK10BinaryTree14upload_to_fileERKNSt7__cxx1112basic_stringIcSt11char_traitsIcESaIcEEE
FNDA:50,_ZN10BinaryTree4pushEi
FNDA:6,_ZNK10BinaryTree5printEv
FNDA:24,_ZNK10BinaryTree6searchEi
FNDA:78,_ZNK10BinaryTree11search_treeEP8treeNodei
FNDA:50,_ZNK10BinaryTree19count_of_nodes_treeEP8treeNode
FNDA:2,_ZN10BinaryTree14load_from_fileERKNSt7__cxx1112basic_stringIcSt11char_traitsIcESaIcEEE
FNDA:18,_ZN10BinaryTreeD2Ev
FNDA:24,_ZNK10BinaryTree9print_lvlEP8treeNodei
FNDA:22,_ZN10BinaryTree5clearEv
FNDA:142,_ZN10BinaryTree10clear_treeERP8treeNode
FNDA:100,_ZNK6QueueT8is_emptyEv
FNDA:132,_ZN6QueueT4pushEP8treeNode
FNDA:6,_ZNK10BinaryTree11is_completeEv
FNDA:6,_ZNK10BinaryTree7is_fullEv
FNDA:52,_ZN6QueueTC2Ev
FNDA:2,_ZNK10BinaryTree14upload_to_fileERKNSt7__cxx1112basic_stringIcSt11char_traitsIcESaIcEEE
FNDA:60,_ZN10BinaryTree9push_treeERP8treeNodei
FNDA:264,_ZNK10BinaryTree11height_treeEP8treeNode
FNDA:52,_ZN6QueueTD2Ev
FNDA:92,_ZN6QueueT3popEv
FNF:20
FNH:20
DA:8,52
DA:10,52
DA:11,92
DA:12,40
DA:13,40
DA:14,40
DA:16,52
DA:18,100
DA:19,100
DA:22,132
DA:23,132
DA:24,132
DA:25,0
DA:26,0
DA:29,132
DA:30,132
DA:32,132
DA:33,90
DA:34,90
DA:36,42
DA:37,42
DA:41,92
DA:42,92
DA:43,0
DA:44,0
DA:47,92
DA:48,92
DA:49,92
DA:51,92
DA:52,60
DA:55,92
DA:56,92
DA:59,18
DA:60,18
DA:61,18
DA:63,50
DA:64,50
DA:65,28
DA:66,22
DA:69,264
DA:70,264
DA:71,150
DA:73,114
DA:76,6
DA:77,6
DA:79,6
DA:80,6
DA:81,6
DA:83,28
DA:84,22
DA:86,22
DA:87,10
DA:88,10
DA:90,12
DA:93,22
DA:94,6
DA:95,6
DA:97,16
DA:100,6
DA:101,6
DA:103,6
DA:104,6
DA:105,6
DA:106,6
DA:109,24
DA:110,24
DA:111,0
DA:114,24
DA:115,24
DA:116,24
DA:117,24
DA:119,24
DA:120,16
DA:122,8
DA:123,8
DA:125,24
DA:127,6
DA:128,6
DA:129,14
DA:130,8
DA:131,8
DA:133,6
DA:135,78
DA:136,78
DA:137,30
DA:139,48
DA:140,16
DA:142,32
DA:145,24
DA:146,24
DA:149,60
DA:150,60
DA:151,16
DA:152,60
DA:155,44
DA:156,44
DA:158,64
DA:159,64
DA:161,64
DA:162,24
DA:163,24
DA:165,40
DA:168,40
DA:169,20
DA:170,20
DA:172,20
DA:175,44
DA:177,50
DA:178,50
DA:179,50
DA:181,142
DA:182,142
DA:184,60
DA:185,60
DA:187,60
DA:188,60
DA:191,22
DA:192,22
DA:193,22
DA:195,2
DA:196,2
DA:197,2
DA:198,2
DA:199,0
DA:200,0
DA:204,12
DA:205,10
DA:207,2
DA:208,2
DA:210,2
DA:211,2
DA:212,2
DA:213,0
DA:214,0
DA:217,2
DA:218,0
DA:220,2
DA:221,2
DA:223,8
DA:224,6
DA:225,6
DA:227,6
DA:228,2
DA:230,6
DA:231,2
DA:234,2
DA:235,2
DA:236,2
LF:148
LH:138
end_of_record
TN:
SF:/home/nemesis/Рабочий стол/lab3-sem3/lab3-sem3/tests_cplus/test_array.cpp
FN:7,_ZN19dynamic_array_tests22test_increase_capacity11test_methodEv
FN:7,_ZN19dynamic_array_testsL30test_increase_capacity_invokerEv
FN:17,_ZN19dynamic_array_testsL22test_push_back_invokerEv
FN:17,_ZN19dynamic_array_tests14test_push_back11test_methodEv
FN:26,_ZN19dynamic_array_testsL19test_insert_invokerEv
FN:26,_ZN19dynamic_array_tests11test_insert11test_methodEv
FN:35,_ZN19dynamic_array_tests13test_pop_back11test_methodEv
FN:35,_ZN19dynamic_array_testsL21test_pop_back_invokerEv
FN:43,_ZN19dynamic_array_testsL18test_print_invokerEv
FN:43,_ZN19dynamic_array_tests10test_print11test_methodEv
FN:59,_ZN19dynamic_array_testsL22test_remove_at_invokerEv
FN:59,_ZN19dynamic_array_tests14test_remove_at11test_methodEv
FN:69,_ZN19dynamic_array_tests11test_search11test_methodEv
FN:69,_ZN19dynamic_array_testsL19test_search_invokerEv
FN:77,_ZN19dynamic_array_testsL20test_get_set_invokerEv
FN:77,_ZN19dynamic_array_tests12test_get_set11test_methodEv
FN:84,_ZN19dynamic_array_testsL27test_load_from_file_invokerEv
FN:84,_ZN19dynamic_array_tests19test_load_from_file11test_methodEv
FN:96,_ZN19dynamic_array_testsL25test_save_to_file_invokerEv
FN:96,_ZN19dynamic_array_tests17test_save_to_file11test_methodEv
FN:113,_ZN19dynamic_array_testsL31test_pop_back_exception_invokerEv
FN:113,_ZN19dynamic_array_tests23test_pop_back_exception11test_methodEv
FN:119,_ZN19dynamic_array_testsL32test_remove_at_exception_invokerEv
FN:119,_ZN19dynamic_array_tests24test_remove_at_exception11test_methodEv
FN:127,_ZN19dynamic_array_testsL26test_get_exception_invokerEv
FN:127,_ZN19dynamic_array_tests18test_get_exception11test_methodEv
FN:136,_ZN19dynamic_array_tests18test_set_exception11test_methodEv
FN:136,_ZN19dynamic_array_testsL26test_set_exception_invokerEv
FNDA:2,_ZN19dynamic_array_tests11test_search11test_methodEv
FNDA:2,_ZN19dynamic_array_tests23test_pop_back_exception11test_methodEv
FNDA:2,_ZN19dynamic_array_testsL19test_search_invokerEv
FNDA:2,_ZN19dynamic_array_tests12test_get_set11test_methodEv
FNDA:2,_ZN19dynamic_array_testsL26test_set_exception_invokerEv
FNDA:2,_ZN19dynamic_array_tests17test_save_to_file11test_methodEv
FNDA:2,_ZN19dynamic_array_tests18test_get_exception11test_methodEv
FNDA:2,_ZN19dynamic_array_tests19test_load_from_file11test_methodEv
FNDA:2,_ZN19dynamic_array_tests24test_remove_at_exception11test_methodEv
FNDA:2,_ZN19dynamic_array_testsL25test_save_to_file_invokerEv
FNDA:2,_ZN19dynamic_array_tests10test_print11test_methodEv
FNDA:2,_ZN19dynamic_array_tests11test_insert11test_methodEv
FNDA:2,_ZN19dynamic_array_tests14test_push_back11test_methodEv
FNDA:2,_ZN19dynamic_array_tests13test_pop_back11test_methodEv
FNDA:2,_ZN19dynamic_array_testsL27test_load_from_file_invokerEv
FNDA:2,_ZN19dynamic_array_testsL19test_insert_invokerEv
FNDA:2,_ZN19dynamic_array_tests14test_remove_at11test_methodEv
FNDA:2,_ZN19dynamic_array_testsL22test_remove_at_invokerEv
FNDA:2,_ZN19dynamic_array_testsL21test_pop_back_invokerEv
FNDA:2,_ZN19dynamic_array_tests18test_set_exception11test_methodEv
FNDA:2,_ZN19dynamic_array_testsL20test_get_set_invokerEv
FNDA:2,_ZN19dynamic_array_testsL32test_remove_at_exception_invokerEv
FNDA:2,_ZN19dynamic_array_tests22test_increase_capacity11test_methodEv
FNDA:2,_ZN19dynamic_array_testsL18test_print_invokerEv
FNDA:2,_ZN19dynamic_array_testsL22test_push_back_invokerEv
FNDA:2,_ZN19dynamic_array_testsL30test_increase_capacity_invokerEv
FNDA:2,_ZN19dynamic_array_testsL26test_get_exception_invokerEv
FNDA:2,_ZN19dynamic_array_testsL31test_pop_back_exception_invokerEv
FNF:28
FNH:28
DA:7,4
DA:8,2
DA:9,22
DA:10,20
DA:13,2
DA:14,2
DA:15,2
DA:17,4
DA:18,2
DA:19,2
DA:20,2
DA:21,2
DA:22,2
DA:23,2
DA:24,2
DA:26,4
DA:27,2
DA:28,2
DA:29,2
DA:30,2
DA:31,2
DA:32,2
DA:33,2
DA:35,4
DA:36,2
DA:37,2
DA:38,2
DA:39,2
DA:40,2
DA:41,2
DA:43,4
DA:44,2
DA:45,2
DA:46,2
DA:47,2
DA:49,2
DA:50,2
DA:52,2
DA:54,2
DA:56,2
DA:57,2
DA:59,4
DA:60,2
DA:61,2
DA:62,2
DA:63,2
DA:64,2
DA:65,2
DA:66,2
DA:67,2
DA:69,4
DA:70,2
DA:71,2
DA:72,2
DA:73,2
DA:74,2
DA:75,2
DA:77,4
DA:78,2
DA:79,2
DA:80,2
DA:81,2
DA:82,2
DA:84,4
DA:85,2
DA:86,2
DA:87,2
DA:88,2
DA:90,2
DA:91,2
DA:92,2
DA:93,2
DA:94,2
DA:96,4
DA:97,2
DA:98,2
DA:99,2
DA:100,2
DA:101,2
DA:103,2
DA:104,2
DA:105,10
DA:106,2
DA:107,8
DA:108,6
DA:110,2
DA:111,10
DA:113,4
DA:114,2
DA:116,4
DA:117,2
DA:119,4
DA:120,2
DA:121,2
DA:123,4
DA:124,4
DA:125,2
DA:127,4
DA:128,2
DA:129,2
DA:132,4
DA:133,4
DA:134,2
DA:136,4
DA:137,2
DA:138,2
DA:140,8
DA:141,8
DA:142,2
LF:109
LH:109
end_of_record
TN:
SF:/home/nemesis/Рабочий стол/lab3-sem3/lab3-sem3/tests_cplus/test_dlist.cpp
FN:9,_ZN24doubly_linked_list_tests16test_add_to_head11test_methodEv
FN:9,_ZN24doubly_linked_list_testsL24test_add_to_head_invokerEv
FN:22,_ZN24doubly_linked_list_testsL24test_add_to_tail_invokerEv
FN:22,_ZN24doubly_linked_list_tests16test_add_to_tail11test_methodEv
FN:35,_ZN24doubly_linked_list_testsL29test_remove_from_head_invokerEv
FN:35,_ZN24doubly_linked_list_tests21test_remove_from_head11test_methodEv
FN:50,_ZN24doubly_linked_list_tests21test_remove_from_tail11test_methodEv
FN:50,_ZN24doubly_linked_list_testsL29test_remove_from_tail_invokerEv
FN:65,_ZN24doubly_linked_list_testsL44test_remove_from_tail_single_element_invokerEv
FN:65,_ZN24doubly_linked_list_tests36test_remove_from_tail_single_element11test_methodEv
FN:76,_ZN24doubly_linked_list_testsL28test_remove_by_value_invokerEv
FN:76,_ZN24doubly_linked_list_tests20test_remove_by_value11test_methodEv
FN:91,_ZN24doubly_linked_list_tests32test_load_from_file_with_content11test_methodEv
FN:91,_ZN24doubly_linked_list_testsL40test_load_from_file_with_content_invokerEv
FN:112,_ZN24doubly_linked_list_testsL19test_search_invokerEv
FN:112,_ZN24doubly_linked_list_tests11test_search11test_methodEv
FN:127,_ZN24doubly_linked_list_testsL27test_load_from_file_invokerEv
FN:127,_ZN24doubly_linked_list_tests19test_load_from_file11test_methodEv
FN:138,_ZN24doubly_linked_list_testsL27test_upload_to_file_invokerEv
FN:138,_ZN24doubly_linked_list_tests19test_upload_to_file11test_methodEv
FN:156,_ZN24doubly_linked_list_testsL17test_free_invokerEv
FN:156,_ZN24doubly_linked_list_tests9test_free11test_methodEv
FNDA:2,_ZN24doubly_linked_list_tests19test_load_from_file11test_methodEv
FNDA:2,_ZN24doubly_linked_list_tests20test_remove_by_value11test_methodEv
FNDA:2,_ZN24doubly_linked_list_testsL40test_load_from_file_with_content_invokerEv
FNDA:2,_ZN24doubly_linked_list_tests11test_search11test_methodEv
FNDA:2,_ZN24doubly_linked_list_tests36test_remove_from_tail_single_element11test_methodEv
FNDA:2,_ZN24doubly_linked_list_testsL24test_add_to_head_invokerEv
FNDA:2,_ZN24doubly_linked_list_tests32test_load_from_file_with_content11test_methodEv
FNDA:2,_ZN24doubly_linked_list_tests16test_add_to_tail11test_methodEv
FNDA:2,_ZN24doubly_linked_list_testsL44test_remove_from_tail_single_element_invokerEv
FNDA:2,_ZN24doubly_linked_list_tests19test_upload_to_file11test_methodEv
FNDA:2,_ZN24doubly_linked_list_tests9test_free11test_methodEv
FNDA:2,_ZN24doubly_linked_list_tests21test_remove_from_head11test_methodEv
FNDA:2,_ZN24doubly_linked_list_testsL29test_remove_from_head_invokerEv
FNDA:2,_ZN24doubly_linked_list_tests16test_add_to_head11test_methodEv
FNDA:2,_ZN24doubly_linked_list_testsL19test_search_invokerEv
FNDA:2,_ZN24doubly_linked_list_testsL27test_load_from_file_invokerEv
FNDA:2,_ZN24doubly_linked_list_testsL17test_free_invokerEv
FNDA:2,_ZN24doubly_linked_list_testsL28test_remove_by_value_invokerEv
FNDA:2,_ZN24doubly_linked_list_testsL24test_add_to_tail_invokerEv
FNDA:2,_ZN24doubly_linked_list_tests21test_remove_from_tail11test_methodEv
FNDA:2,_ZN24doubly_linked_list_testsL29test_remove_from_tail_invokerEv
FNDA:2,_ZN24doubly_linked_list_testsL27test_upload_to_file_invokerEv
FNF:22
FNH:22
DA:9,4
DA:10,2
DA:11,2
DA:12,2
DA:13,2
DA:15,2
DA:16,2
DA:17,2
DA:18,2
DA:19,2
DA:20,2
DA:22,4
DA:23,2
DA:24,2
DA:25,2
DA:26,2
DA:28,2
DA:29,2
DA:30,2
DA:31,2
DA:32,2
DA:33,2
DA:35,4
DA:36,2
DA:37,2
DA:38,2
DA:39,2
DA:41,2
DA:43,2
DA:44,2
DA:45,2
DA:46,2
DA:47,2
DA:48,2
DA:50,4
DA:51,2
DA:52,2
DA:53,2
DA:54,2
DA:56,2
DA:58,2
DA:59,2
DA:60,2
DA:61,2
DA:62,2
DA:63,2
DA:65,4
DA:66,2
DA:68,2
DA:70,2
DA:72,2
DA:73,2
DA:74,2
DA:76,4
DA:77,2
DA:78,2
DA:79,2
DA:80,2
DA:82,2
DA:84,2
DA:85,2
DA:86,2
DA:87,2
DA:88,2
DA:89,2
DA:91,4
DA:92,2
DA:94,2
DA:95,2
DA:96,2
DA:97,2
DA:98,2
DA:101,2
DA:104,2
DA:105,2
DA:106,2
DA:107,2
DA:109,2
DA:110,2
DA:112,4
DA:113,2
DA:114,2
DA:115,2
DA:116,2
DA:118,2
DA:119,2
DA:120,2
DA:121,2
DA:123,2
DA:124,2
DA:125,2
DA:127,4
DA:128,2
DA:129,2
DA:131,2
DA:132,2
DA:133,2
DA:134,2
DA:135,2
DA:136,2
DA:138,4
DA:139,2
DA:140,2
DA:141,2
DA:142,2
DA:144,2
DA:146,2
DA:147,2
DA:148,2
DA:149,2
DA:150,2
DA:151,2
DA:152,2
DA:153,2
DA:154,2
DA:156,4
DA:157,2
DA:158,2
DA:159,2
DA:160,2
DA:162,2
DA:164,2
DA:165,2
DA:166,2
DA:167,2
DA:168,2
DA:169,2
LF:127
LH:127
end_of_record
TN:
SF:/home/nemesis/Рабочий стол/lab3-sem3/lab3-sem3/tests_cplus/test_hashtable.cpp
FN:7,_ZN16hash_table_testsL30test_insert_and_search_invokerEv
FN:7,_ZN16hash_table_tests22test_insert_and_search11test_methodEv
FN:19,_ZN16hash_table_tests17test_update_value11test_methodEv
FN:19,_ZN16hash_table_testsL25test_update_value_invokerEv
FN:27,_ZN16hash_table_testsL19test_remove_invokerEv
FN:27,_ZN16hash_table_tests11test_remove11test_methodEv
FN:40,_ZN16hash_table_testsL18test_print_invokerEv
FN:40,_ZN16hash_table_tests10test_print11test_methodEv
FN:57,_ZN16hash_table_tests10test_clear11test_methodEv
FN:57,_ZN16hash_table_testsL18test_clear_invokerEv
FN:67,_ZN16hash_table_testsL27test_load_from_file_invokerEv
FN:67,_ZN16hash_table_tests19test_load_from_file11test_methodEv
FN:80,_ZN16hash_table_testsL25test_save_to_file_invokerEv
FN:80,_ZN16hash_table_tests17test_save_to_file11test_methodEv
FN:101,_ZN16hash_table_testsL37test_load_from_file_exception_invokerEv
FN:101,_ZN16hash_table_tests29test_load_from_file_exception11test_methodEv
FN:114,_ZN16hash_table_tests27test_save_to_file_exception11test_methodEv
FN:114,_ZN16hash_table_testsL35test_save_to_file_exception_invokerEv
FN:128,_ZN16hash_table_tests23test_collision_handling11test_methodEv
FN:128,_ZN16hash_table_testsL31test_collision_handling_invokerEv
FNDA:1,_ZN16hash_table_tests10test_print11test_methodEv
FNDA:1,_ZN16hash_table_tests23test_collision_handling11test_methodEv
FNDA:1,_ZN16hash_table_testsL18test_print_invokerEv
FNDA:1,_ZN16hash_table_tests10test_clear11test_methodEv
FNDA:1,_ZN16hash_table_testsL37test_load_from_file_exception_invokerEv
FNDA:1,_ZN16hash_table_testsL35test_save_to_file_exception_invokerEv
FNDA:1,_ZN16hash_table_tests27test_save_to_file_exception11test_methodEv
FNDA:1,_ZN16hash_table_tests29test_load_from_file_exception11test_methodEv
FNDA:1,_ZN16hash_table_tests17test_update_value11test_methodEv
FNDA:1,_ZN16hash_table_testsL30test_insert_and_search_invokerEv
FNDA:1,_ZN16hash_table_tests22test_insert_and_search11test_methodEv
FNDA:1,_ZN16hash_table_testsL19test_remove_invokerEv
FNDA:1,_ZN16hash_table_testsL25test_save_to_file_invokerEv
FNDA:1,_ZN16hash_table_tests17test_save_to_file11test_methodEv
FNDA:1,_ZN16hash_table_tests11test_remove11test_methodEv
FNDA:1,_ZN16hash_table_tests19test_load_from_file11test_methodEv
FNDA:1,_ZN16hash_table_testsL25test_update_value_invokerEv
FNDA:1,_ZN16hash_table_testsL27test_load_from_file_invokerEv
FNDA:1,_ZN16hash_table_testsL18test_clear_invokerEv
FNDA:1,_ZN16hash_table_testsL31test_collision_handling_invokerEv
FNF:20
FNH:20
DA:7,2
DA:8,1
DA:9,1
DA:10,1
DA:11,1
DA:13,1
DA:14,1
DA:15,1
DA:16,4
DA:17,1
DA:19,2
DA:20,1
DA:21,1
DA:22,1
DA:24,1
DA:25,1
DA:27,2
DA:28,1
DA:29,1
DA:30,1
DA:32,1
DA:33,4
DA:34,1
DA:36,1
DA:37,4
DA:38,1
DA:40,2
DA:41,1
DA:42,1
DA:43,1
DA:45,1
DA:46,1
DA:48,1
DA:50,1
DA:53,2
DA:54,1
DA:55,1
DA:57,2
DA:58,1
DA:59,1
DA:60,1
DA:61,1
DA:63,4
DA:64,4
DA:65,1
DA:67,2
DA:68,1
DA:69,1
DA:70,1
DA:71,1
DA:73,1
DA:75,1
DA:76,1
DA:77,1
DA:78,1
DA:80,2
DA:81,1
DA:82,1
DA:83,1
DA:84,1
DA:85,1
DA:87,1
DA:88,1
DA:89,1
DA:91,4
DA:92,3
DA:94,1
DA:96,1
DA:97,1
DA:98,1
DA:99,1
DA:101,2
DA:102,1
DA:104,1
DA:105,1
DA:107,1
DA:109,1
DA:111,1
DA:112,1
DA:114,2
DA:115,1
DA:117,1
DA:119,1
DA:120,1
DA:121,1
DA:123,1
DA:125,1
DA:126,1
DA:128,2
DA:129,1
DA:130,1
DA:131,1
DA:133,1
DA:134,1
DA:135,1
LF:95
LH:95
end_of_record
TN:
SF:/home/nemesis/Рабочий стол/lab3-sem3/lab3-sem3/tests_cplus/test_list.cpp
FN:7,_ZN15LinkedListTests16test_add_to_head11test_methodEv
FN:7,_ZN15LinkedListTestsL24test_add_to_head_invokerEv
FN:21,_ZN15LinkedListTestsL24test_add_to_tail_invokerEv
FN:21,_ZN15LinkedListTests16test_add_to_tail11test_methodEv
FN:34,_ZN15LinkedListTests21test_remove_from_head11test_methodEv
FN:34,_ZN15LinkedListTestsL29test_remove_from_head_invokerEv
FN:49,_ZN15LinkedListTests21test_remove_from_tail11test_methodEv
FN:49,_ZN15LinkedListTestsL29test_remove_from_tail_invokerEv
FN:64,_ZN15LinkedListTests20test_remove_by_value11test_methodEv
FN:64,_ZN15LinkedListTestsL28test_remove_by_value_invokerEv
FN:79,_ZN15LinkedListTests11test_search11test_methodEv
FN:79,_ZN15LinkedListTestsL19test_search_invokerEv
FN:94,_ZN15LinkedListTests19test_load_from_file11test_methodEv
FN:94,_ZN15LinkedListTestsL27test_load_from_file_invokerEv
FN:105,_ZN15LinkedListTests19test_upload_to_file11test_methodEv
FN:105,_ZN15LinkedListTestsL27test_upload_to_file_invokerEv
FN:123,_ZN15LinkedListTestsL40test_load_from_file_with_content_invokerEv
FN:123,_ZN15LinkedListTests32test_load_from_file_with_content11test_methodEv
FN:143,_ZN15LinkedListTests36test_remove_from_tail_single_element11test_methodEv
FN:143,_ZN15LinkedListTestsL44test_remove_from_tail_single_element_invokerEv
FN:160,_ZN15LinkedListTests9test_free11test_methodEv
FN:160,_ZN15LinkedListTestsL17test_free_invokerEv
FNDA:2,_ZN15LinkedListTestsL28test_remove_by_value_invokerEv
FNDA:2,_ZN15LinkedListTestsL44test_remove_from_tail_single_element_invokerEv
FNDA:2,_ZN15LinkedListTestsL24test_add_to_head_invokerEv
FNDA:2,_ZN15LinkedListTestsL29test_remove_from_head_invokerEv
FNDA:2,_ZN15LinkedListTestsL17test_free_invokerEv
FNDA:2,_ZN15LinkedListTests21test_remove_from_head11test_methodEv
FNDA:2,_ZN15LinkedListTests20test_remove_by_value11test_methodEv
FNDA:2,_ZN15LinkedListTestsL27test_load_from_file_invokerEv
FNDA:2,_ZN15LinkedListTestsL29test_remove_from_tail_invokerEv
FNDA:2,_ZN15LinkedListTests19test_upload_to_file11test_methodEv
FNDA:2,_ZN15LinkedListTests9test_free11test_methodEv
FNDA:2,_ZN15LinkedListTests32test_load_from_file_with_content11test_methodEv
FNDA:2,_ZN15LinkedListTestsL27test_upload_to_file_invokerEv
FNDA:2,_ZN15LinkedListTestsL19test_search_invokerEv
FNDA:2,_ZN15LinkedListTests19test_load_from_file11test_methodEv
FNDA:2,_ZN15LinkedListTests21test_remove_from_tail11test_methodEv
FNDA:2,_ZN15LinkedListTestsL40test_load_from_file_with_content_invokerEv
FNDA:2,_ZN15LinkedListTestsL24test_add_to_tail_invokerEv
FNDA:2,_ZN15LinkedListTests16test_add_to_tail11test_methodEv
FNDA:2,_ZN15LinkedListTests16test_add_to_head11test_methodEv
FNDA:2,_ZN15LinkedListTests11test_search11test_methodEv
FNDA:2,_ZN15LinkedListTests36test_remove_from_tail_single_element11test_methodEv
FNF:22
FNH:22
DA:7,4
DA:8,2
DA:9,2
DA:10,2
DA:11,2
DA:13,2
DA:14,2
DA:15,2
DA:16,2
DA:18,2
DA:19,2
DA:21,4
DA:22,2
DA:23,2
DA:24,2
DA:25,2
DA:27,2
DA:28,2
DA:29,2
DA:30,2
DA:31,2
DA:32,2
DA:34,4
DA:35,2
DA:36,2
DA:37,2
DA:38,2
DA:40,2
DA:42,2
DA:43,2
DA:44,2
DA:45,2
DA:46,2
DA:47,2
DA:49,4
DA:50,2
DA:51,2
DA:52,2
DA:53,2
DA:55,2
DA:57,2
DA:58,2
DA:59,2
DA:60,2
DA:61,2
DA:62,2
DA:64,4
DA:65,2
DA:66,2
DA:67,2
DA:68,2
DA:70,2
DA:72,2
DA:73,2
DA:74,2
DA:75,2
DA:76,2
DA:77,2
DA:79,4
DA:80,2
DA:81,2
DA:82,2
DA:83,2
DA:85,2
DA:86,2
DA:87,2
DA:88,2
DA:90,2
DA:91,2
DA:92,2
DA:94,4
DA:95,2
DA:96,2
DA:98,2
DA:99,2
DA:100,2
DA:101,2
DA:102,2
DA:103,2
DA:105,4
DA:106,2
DA:107,2
DA:108,2
DA:109,2
DA:111,2
DA:113,2
DA:114,2
DA:115,2
DA:116,2
DA:117,2
DA:118,2
DA:119,2
DA:120,2
DA:121,2
DA:123,4
DA:124,2
DA:126,2
DA:127,2
DA:128,2
DA:129,2
DA:130,2
DA:132,2
DA:134,2
DA:135,2
DA:136,2
DA:137,2
DA:140,2
DA:141,2
DA:143,4
DA:144,2
DA:147,2
DA:150,2
DA:151,2
DA:152,2
DA:154,2
DA:157,2
DA:158,2
DA:160,4
DA:161,2
DA:162,2
DA:163,2
DA:164,2
DA:166,2
DA:168,2
DA:169,2
DA:170,2
DA:171,2
DA:172,2
DA:173,2
LF:129
LH:129
end_of_record
TN:
SF:/home/nemesis/Рабочий стол/lab3-sem3/lab3-sem3/tests_cplus/test_queue.cpp
FN:7,_ZN11queue_testsL21test_is_empty_invokerEv
FN:7,_ZN11queue_tests13test_is_empty11test_methodEv
FN:15,_ZN11queue_testsL21test_push_pop_invokerEv
FN:15,_ZN11queue_tests13test_push_pop11test_methodEv
FN:28,_ZN11queue_tests14test_pop_empty11test_methodEv
FN:28,_ZN11queue_testsL22test_pop_empty_invokerEv
FN:33,_ZN11queue_testsL24test_print_empty_invokerEv
FN:33,_ZN11queue_tests16test_print_empty11test_methodEv
FN:44,_ZN11queue_tests20test_print_non_empty11test_methodEv
FN:44,_ZN11queue_testsL28test_print_non_empty_invokerEv
FN:58,_ZN11queue_testsL18test_clear_invokerEv
FN:58,_ZN11queue_tests10test_clear11test_methodEv
FN:68,_ZN11queue_testsL27test_load_from_file_invokerEv
FN:68,_ZN11queue_tests19test_load_from_file11test_methodEv
FN:83,_ZN11queue_tests17test_save_to_file11test_methodEv
FN:83,_ZN11queue_testsL25test_save_to_file_invokerEv
FNDA:2,_ZN11queue_testsL21test_push_pop_invokerEv
FNDA:2,_ZN11queue_testsL24test_print_empty_invokerEv
FNDA:2,_ZN11queue_tests17test_save_to_file11test_methodEv
FNDA:2,_ZN11queue_testsL27test_load_from_file_invokerEv
FNDA:2,_ZN11queue_tests19test_load_from_file11test_methodEv
FNDA:2,_ZN11queue_testsL21test_is_empty_invokerEv
FNDA:2,_ZN11queue_tests14test_pop_empty11test_methodEv
FNDA:2,_ZN11queue_testsL18test_clear_invokerEv
FNDA:2,_ZN11queue_tests16test_print_empty11test_methodEv
FNDA:2,_ZN11queue_tests20test_print_non_empty11test_methodEv
FNDA:2,_ZN11queue_tests13test_is_empty11test_methodEv
FNDA:2,_ZN11queue_testsL28test_print_non_empty_invokerEv
FNDA:2,_ZN11queue_tests10test_clear11test_methodEv
FNDA:2,_ZN11queue_tests13test_push_pop11test_methodEv
FNDA:2,_ZN11queue_testsL22test_pop_empty_invokerEv
FNDA:2,_ZN11queue_testsL25test_save_to_file_invokerEv
FNF:16
FNH:16
DA:7,4
DA:8,2
DA:9,2
DA:11,2
DA:12,2
DA:13,2
DA:15,4
DA:16,2
DA:17,2
DA:18,2
DA:19,2
DA:21,2
DA:22,2
DA:23,2
DA:25,2
DA:26,2
DA:28,4
DA:29,2
DA:30,2
DA:31,2
DA:33,4
DA:34,2
DA:35,2
DA:36,2
DA:38,2
DA:40,2
DA:41,2
DA:42,2
DA:44,4
DA:45,2
DA:46,2
DA:47,2
DA:49,2
DA:50,2
DA:52,2
DA:54,2
DA:55,2
DA:56,2
DA:58,4
DA:59,2
DA:60,2
DA:61,2
DA:62,2
DA:64,2
DA:65,2
DA:66,2
DA:68,4
DA:69,2
DA:71,2
DA:72,2
DA:73,2
DA:75,2
DA:77,2
DA:78,2
DA:79,2
DA:80,2
DA:81,2
DA:83,4
DA:84,2
DA:85,2
DA:86,2
DA:87,2
DA:89,2
DA:92,2
DA:93,2
DA:94,2
DA:95,2
DA:96,2
DA:97,2
DA:98,2
LF:70
LH:70
end_of_record
TN:
SF:/home/nemesis/Рабочий стол/lab3-sem3/lab3-sem3/tests_cplus/test_stack.cpp
FN:8,_ZN11stack_testsL21test_push_pop_invokerEv
FN:8,_ZN11stack_tests13test_push_pop11test_methodEv
FN:21,_ZN11stack_testsL33test_is_empty_after_clear_invokerEv
FN:21,_ZN11stack_tests25test_is_empty_after_clear11test_methodEv
FN:30,_ZN11stack_tests22test_print_empty_stack11test_methodEv
FN:30,_ZN11stack_testsL30test_print_empty_stack_invokerEv
FN:43,_ZN11stack_testsL34test_print_non_empty_stack_invokerEv
FN:43,_ZN11stack_tests26test_print_non_empty_stack11test_methodEv
FN:60,_ZN11stack_testsL27test_load_from_file_invokerEv
FN:60,_ZN11stack_tests19test_load_from_file11test_methodEv
FN:78,_ZN11stack_testsL25test_save_to_file_invokerEv
FN:78,_ZN11stack_tests17test_save_to_file11test_methodEv
FN:105,_ZN11stack_tests10test_clear11test_methodEv
FN:105,_ZN11stack_testsL18test_clear_invokerEv
FN:116,_ZN11stack_testsL34test_load_nonexistent_file_invokerEv
FN:116,_ZN11stack_tests26test_load_nonexistent_file11test_methodEv
FN:129,_ZN11stack_testsL33test_save_to_invalid_path_invokerEv
FN:129,_ZN11stack_tests25test_save_to_invalid_path11test_methodEv
FNDA:2,_ZN11stack_testsL34test_load_nonexistent_file_invokerEv
FNDA:2,_ZN11stack_testsL25test_save_to_file_invokerEv
FNDA:2,_ZN11stack_testsL21test_push_pop_invokerEv
FNDA:2,_ZN11stack_testsL33test_is_empty_after_clear_invokerEv
FNDA:2,_ZN11stack_tests10test_clear11test_methodEv
FNDA:2,_ZN11stack_testsL34test_print_non_empty_stack_invokerEv
FNDA:2,_ZN11stack_tests19test_load_from_file11test_methodEv
FNDA:2,_ZN11stack_tests26test_load_nonexistent_file11test_methodEv
FNDA:2,_ZN11stack_tests25test_save_to_invalid_path11test_methodEv
FNDA:2,_ZN11stack_tests13test_push_pop11test_methodEv
FNDA:2,_ZN11stack_tests26test_print_non_empty_stack11test_methodEv
FNDA:2,_ZN11stack_testsL18test_clear_invokerEv
FNDA:2,_ZN11stack_tests17test_save_to_file11test_methodEv
FNDA:2,_ZN11stack_testsL33test_save_to_invalid_path_invokerEv
FNDA:2,_ZN11stack_testsL27test_load_from_file_invokerEv
FNDA:2,_ZN11stack_tests25test_is_empty_after_clear11test_methodEv
FNDA:2,_ZN11stack_testsL30test_print_empty_stack_invokerEv
FNDA:2,_ZN11stack_tests22test_print_empty_stack11test_methodEv
FNF:18
FNH:18
DA:8,4
DA:9,2
DA:11,2
DA:12,2
DA:13,2
DA:15,2
DA:16,2
DA:17,2
DA:18,2
DA:19,2
DA:21,4
DA:22,2
DA:24,2
DA:25,2
DA:26,2
DA:27,2
DA:28,2
DA:30,4
DA:31,2
DA:33,2
DA:34,2
DA:35,2
DA:37,2
DA:38,2
DA:40,2
DA:41,2
DA:43,4
DA:44,2
DA:46,2
DA:47,2
DA:48,2
DA:50,2
DA:51,2
DA:52,2
DA:54,2
DA:55,2
DA:57,2
DA:58,2
DA:60,4
DA:61,2
DA:63,2
DA:64,2
DA:65,2
DA:66,2
DA:68,2
DA:69,2
DA:70,2
DA:71,2
DA:72,2
DA:73,2
DA:75,2
DA:76,2
DA:78,4
DA:79,2
DA:80,2
DA:81,2
DA:82,2
DA:84,2
DA:85,2
DA:87,2
DA:88,2
DA:90,2
DA:91,2
DA:92,8
DA:93,6
DA:95,2
DA:97,2
DA:98,2
DA:99,2
DA:100,2
DA:102,2
DA:103,2
DA:105,4
DA:106,2
DA:108,2
DA:109,2
DA:110,2
DA:111,2
DA:112,2
DA:113,2
DA:114,2
DA:116,4
DA:117,2
DA:119,2
DA:120,2
DA:121,2
DA:123,2
DA:124,2
DA:126,2
DA:127,2
DA:129,4
DA:130,2
DA:131,2
DA:133,2
DA:134,2
DA:135,2
DA:137,2
DA:138,2
DA:140,2
DA:141,2
LF:100
LH:100
end_of_record
TN:
SF:/home/nemesis/Рабочий стол/lab3-sem3/lab3-sem3/tests_cplus/test_tree.cpp
FN:7,_ZN17binary_tree_tests20test_push_and_search11test_methodEv
FN:7,_ZN17binary_tree_testsL28test_push_and_search_invokerEv
FN:19,_ZN17binary_tree_tests19test_tree_structure11test_methodEv
FN:19,_ZN17binary_tree_testsL27test_tree_structure_invokerEv
FN:30,_ZN17binary_tree_testsL18test_clear_invokerEv
FN:30,_ZN17binary_tree_tests10test_clear11test_methodEv
FN:43,_ZN17binary_tree_testsL27test_load_from_file_invokerEv
FN:43,_ZN17binary_tree_tests19test_load_from_file11test_methodEv
FN:59,_ZN17binary_tree_testsL27test_upload_to_file_invokerEv
FN:59,_ZN17binary_tree_tests19test_upload_to_file11test_methodEv
FN:79,_ZN17binary_tree_tests21test_print_empty_tree11test_methodEv
FN:79,_ZN17binary_tree_testsL29test_print_empty_tree_invokerEv
FN:92,_ZN17binary_tree_tests22test_print_single_node11test_methodEv
FN:92,_ZN17binary_tree_testsL30test_print_single_node_invokerEv
FN:107,_ZN17binary_tree_testsL31test_print_three_levels_invokerEv
FN:107,_ZN17binary_tree_tests23test_print_three_levels11test_methodEv
FN:132,_ZN17binary_tree_tests28test_is_complete_and_is_full11test_methodEv
FN:132,_ZN17binary_tree_testsL36test_is_complete_and_is_full_invokerEv
FNDA:2,_ZN17binary_tree_tests19test_load_from_file11test_methodEv
FNDA:2,_ZN17binary_tree_tests21test_print_empty_tree11test_methodEv
FNDA:2,_ZN17binary_tree_tests23test_print_three_levels11test_methodEv
FNDA:2,_ZN17binary_tree_tests19test_upload_to_file11test_methodEv
FNDA:2,_ZN17binary_tree_testsL28test_push_and_search_invokerEv
FNDA:2,_ZN17binary_tree_testsL29test_print_empty_tree_invokerEv
FNDA:2,_ZN17binary_tree_testsL36test_is_complete_and_is_full_invokerEv
FNDA:2,_ZN17binary_tree_tests28test_is_complete_and_is_full11test_methodEv
FNDA:2,_ZN17binary_tree_testsL31test_print_three_levels_invokerEv
FNDA:2,_ZN17binary_tree_testsL18test_clear_invokerEv
FNDA:2,_ZN17binary_tree_tests20test_push_and_search11test_methodEv
FNDA:2,_ZN17binary_tree_testsL30test_print_single_node_invokerEv
FNDA:2,_ZN17binary_tree_testsL27test_load_from_file_invokerEv
FNDA:2,_ZN17binary_tree_testsL27test_upload_to_file_invokerEv
FNDA:2,_ZN17binary_tree_testsL27test_tree_structure_invokerEv
FNDA:2,_ZN17binary_tree_tests10test_clear11test_methodEv
FNDA:2,_ZN17binary_tree_tests22test_print_single_node11test_methodEv
FNDA:2,_ZN17binary_tree_tests19test_tree_structure11test_methodEv
FNF:18
FNH:18
DA:7,4
DA:8,2
DA:9,2
DA:10,2
DA:11,2
DA:13,2
DA:14,2
DA:15,2
DA:16,2
DA:17,2
DA:19,4
DA:20,2
DA:21,2
DA:22,2
DA:23,2
DA:24,2
DA:26,2
DA:27,2
DA:28,2
DA:30,4
DA:31,2
DA:32,2
DA:33,2
DA:34,2
DA:36,2
DA:38,2
DA:39,2
DA:40,2
DA:41,2
DA:43,4
DA:44,2
DA:46,2
DA:47,2
DA:48,2
DA:50,2
DA:52,2
DA:53,2
DA:54,2
DA:55,2
DA:56,2
DA:57,2
DA:59,4
DA:60,2
DA:61,2
DA:62,2
DA:63,2
DA:65,2
DA:67,2
DA:68,2
DA:70,8
DA:71,6
DA:73,2
DA:75,4
DA:76,2
DA:77,2
DA:79,4
DA:80,2
DA:82,2
DA:83,2
DA:85,2
DA:87,2
DA:88,2
DA:89,2
DA:92,4
DA:93,2
DA:94,2
DA:96,2
DA:97,2
DA:99,2
DA:101,2
DA:103,4
DA:104,2
DA:105,2
DA:107,4
DA:108,2
DA:110,2
DA:111,2
DA:112,2
DA:113,2
DA:114,2
DA:115,2
DA:116,2
DA:118,2
DA:119,2
DA:121,2
DA:123,2
DA:128,4
DA:129,2
DA:130,2
DA:132,4
DA:133,2
DA:134,2
DA:135,2
DA:136,2
DA:138,2
DA:139,2
DA:141,2
DA:142,2
DA:143,2
DA:144,2
LF:100
LH:100
end_of_record
